<?xml version="1.0" encoding="UTF-8"?>
<!-- Generated by org.testng.reporters.JUnitXMLReporter -->
<testsuite hostname="DESKTOP-EBV6RAM" ignored="0" name="Surefire test" tests="3" failures="0" timestamp="27 фев 2019 18:55:36 GMT" time="13.451" errors="0">
  <testcase name="testCaseChrome01" time="4.665" classname="org.andestech.learning.rfb19.g3.ChromeAppTest"/>
  <testcase name="testCaseFirefox01" time="4.803" classname="org.andestech.learning.rfb19.g3.FirefoxAppTest"/>
  <testcase name="testCaseIE01" time="1.553" classname="org.andestech.learning.rfb19.g3.IEAppTest"/>
</testsuite> <!-- Surefire test -->
